<?xml version="1.0" encoding="UTF-8"?>
<!-- Generated by org.testng.reporters.JUnitReportReporter -->
<testsuite hostname="APPLEs-MacBook-Air.local" failures="0" tests="1" name="sample.SampleClass" time="0.037" errors="0" timestamp="2023-03-28T12:18:05 IST" skipped="0">
  <testcase classname="sample.SampleClass" name="TestingJenkinsExecution" time="0.037"/>
  <system-out/>
</testsuite> <!-- sample.SampleClass -->
